<?xml version="1.0" encoding="UTF-8"?>
<!-- Generated by org.testng.reporters.JUnitXMLReporter -->
<testsuite hostname="sopansa-w7" name="Regression Test Suite" tests="8" failures="3" timestamp="13 Jun 2016 09:41:49 GMT" time="76.208" errors="0">
  <testcase name="loginTest" time="10.619" classname="com.cybage.alm.test.TestSuite2">
    <failure type="java.lang.AssertionError" message="expected [SIGN-OFF] but found [SIGN-ON]">
      <![CDATA[java.lang.AssertionError: expected [SIGN-OFF] but found [SIGN-ON]
	at com.cybage.alm.pages.LoginPage.signin(LoginPage.java:20)
	at com.cybage.alm.test.TestSuite2.loginTest(TestSuite2.java:21)
... Removed 30 stack frames]]>
    </failure>
  </testcase> <!-- loginTest -->
  <testcase name="loginTest" time="9.385" classname="com.cybage.alm.test.TestSuite2">
    <failure type="java.lang.AssertionError" message="expected [SIGN-OFF] but found [SIGN-ON]">
      <![CDATA[java.lang.AssertionError: expected [SIGN-OFF] but found [SIGN-ON]
	at com.cybage.alm.pages.LoginPage.signin(LoginPage.java:20)
	at com.cybage.alm.test.TestSuite2.loginTest(TestSuite2.java:21)
... Removed 30 stack frames]]>
    </failure>
  </testcase> <!-- loginTest -->
  <testcase name="loginTest" time="9.234" classname="com.cybage.alm.test.TestSuite2"/>
  <testcase name="loginTest" time="9.319" classname="com.cybage.alm.test.TestSuite2"/>
  <testcase name="loginTest" time="8.706" classname="com.cybage.alm.test.TestSuite2"/>
  <testcase name="loginTest" time="9.901" classname="com.cybage.alm.test.TestSuite2"/>
  <testcase name="loginTest" time="9.338" classname="com.cybage.alm.test.TestSuite2"/>
  <testcase name="loginTest" time="9.358" classname="com.cybage.alm.test.TestSuite2">
    <failure type="java.lang.AssertionError" message="expected [SIGN-OFF] but found [SIGN-ON]">
      <![CDATA[java.lang.AssertionError: expected [SIGN-OFF] but found [SIGN-ON]
	at com.cybage.alm.pages.LoginPage.signin(LoginPage.java:20)
	at com.cybage.alm.test.TestSuite2.loginTest(TestSuite2.java:21)
... Removed 30 stack frames]]>
    </failure>
  </testcase> <!-- loginTest -->
</testsuite> <!-- Regression Test Suite -->
