<?xml version="1.0" encoding="UTF-8"?>
<!-- Generated by org.testng.reporters.JUnitXMLReporter -->
<testsuite hostname="sopansa-w7" name="Regression Test Suite" tests="8" failures="3" timestamp="13 Jun 2016 09:09:08 GMT" time="78.725" errors="0">
  <testcase name="loginTest" time="10.255" classname="com.cybage.alm.test.TestSuite2">
    <failure type="java.lang.AssertionError" message="expected [SIGN-OFF] but found [SIGN-ON]">
      <![CDATA[java.lang.AssertionError: expected [SIGN-OFF] but found [SIGN-ON]
	at com.cybage.alm.pages.LoginPage.signin(LoginPage.java:20)
	at com.cybage.alm.test.TestSuite2.loginTest(TestSuite2.java:21)
... Removed 33 stack frames]]>
    </failure>
  </testcase> <!-- loginTest -->
  <testcase name="loginTest" time="9.457" classname="com.cybage.alm.test.TestSuite2">
    <failure type="java.lang.AssertionError" message="expected [SIGN-OFF] but found [SIGN-ON]">
      <![CDATA[java.lang.AssertionError: expected [SIGN-OFF] but found [SIGN-ON]
	at com.cybage.alm.pages.LoginPage.signin(LoginPage.java:20)
	at com.cybage.alm.test.TestSuite2.loginTest(TestSuite2.java:21)
... Removed 33 stack frames]]>
    </failure>
  </testcase> <!-- loginTest -->
  <testcase name="loginTest" time="9.476" classname="com.cybage.alm.test.TestSuite2"/>
  <testcase name="loginTest" time="8.841" classname="com.cybage.alm.test.TestSuite2"/>
  <testcase name="loginTest" time="9.711" classname="com.cybage.alm.test.TestSuite2"/>
  <testcase name="loginTest" time="9.528" classname="com.cybage.alm.test.TestSuite2"/>
  <testcase name="loginTest" time="9.58" classname="com.cybage.alm.test.TestSuite2"/>
  <testcase name="loginTest" time="11.527" classname="com.cybage.alm.test.TestSuite2">
    <failure type="java.lang.AssertionError" message="expected [SIGN-OFF] but found [SIGN-ON]">
      <![CDATA[java.lang.AssertionError: expected [SIGN-OFF] but found [SIGN-ON]
	at com.cybage.alm.pages.LoginPage.signin(LoginPage.java:20)
	at com.cybage.alm.test.TestSuite2.loginTest(TestSuite2.java:21)
... Removed 33 stack frames]]>
    </failure>
  </testcase> <!-- loginTest -->
</testsuite> <!-- Regression Test Suite -->
