<?xml version="1.0" encoding="UTF-8"?>
<!-- Generated by org.testng.reporters.JUnitXMLReporter -->
<testsuite hostname="sopansa-w7" name="Regression Test Suite" tests="12" failures="5" timestamp="8 Jun 2016 13:07:43 GMT" time="124.254" errors="0">
  <testcase name="loginTest" time="10.721" classname="com.cybage.alm.test.TestSuite"/>
  <testcase name="loginTest" time="10.596" classname="com.cybage.alm.test.TestSuite"/>
  <testcase name="loginTest" time="9.292" classname="com.cybage.alm.test.TestSuite">
    <failure type="java.lang.AssertionError" message="expected [SIGN-ON] but found [SIGN-OFF]">
      <![CDATA[java.lang.AssertionError: expected [SIGN-ON] but found [SIGN-OFF]
	at com.cybage.alm.pages.LoginPage.signin(LoginPage.java:20)
	at com.cybage.alm.test.TestSuite.loginTest(TestSuite.java:18)
... Removed 39 stack frames]]>
    </failure>
  </testcase> <!-- loginTest -->
  <testcase name="loginTest" time="8.821" classname="com.cybage.alm.test.TestSuite">
    <failure type="java.lang.AssertionError" message="expected [SIGN-ON] but found [SIGN-OFF]">
      <![CDATA[java.lang.AssertionError: expected [SIGN-ON] but found [SIGN-OFF]
	at com.cybage.alm.pages.LoginPage.signin(LoginPage.java:20)
	at com.cybage.alm.test.TestSuite.loginTest(TestSuite.java:18)
... Removed 39 stack frames]]>
    </failure>
  </testcase> <!-- loginTest -->
  <testcase name="loginTest" time="9.377" classname="com.cybage.alm.test.TestSuite">
    <failure type="java.lang.AssertionError" message="expected [SIGN-ON] but found [SIGN-OFF]">
      <![CDATA[java.lang.AssertionError: expected [SIGN-ON] but found [SIGN-OFF]
	at com.cybage.alm.pages.LoginPage.signin(LoginPage.java:20)
	at com.cybage.alm.test.TestSuite.loginTest(TestSuite.java:18)
... Removed 39 stack frames]]>
    </failure>
  </testcase> <!-- loginTest -->
  <testcase name="loginTest" time="9.809" classname="com.cybage.alm.test.TestSuite">
    <failure type="java.lang.AssertionError" message="expected [SIGN-ON] but found [SIGN-OFF]">
      <![CDATA[java.lang.AssertionError: expected [SIGN-ON] but found [SIGN-OFF]
	at com.cybage.alm.pages.LoginPage.signin(LoginPage.java:20)
	at com.cybage.alm.test.TestSuite.loginTest(TestSuite.java:18)
... Removed 39 stack frames]]>
    </failure>
  </testcase> <!-- loginTest -->
  <testcase name="loginTest" time="9.269" classname="com.cybage.alm.test.TestSuite">
    <failure type="java.lang.AssertionError" message="expected [SIGN-ON] but found [SIGN-OFF]">
      <![CDATA[java.lang.AssertionError: expected [SIGN-ON] but found [SIGN-OFF]
	at com.cybage.alm.pages.LoginPage.signin(LoginPage.java:20)
	at com.cybage.alm.test.TestSuite.loginTest(TestSuite.java:18)
... Removed 39 stack frames]]>
    </failure>
  </testcase> <!-- loginTest -->
  <testcase name="loginTest" time="10.162" classname="com.cybage.alm.test.TestSuite"/>
  <testcase name="registerTest" time="11.572" classname="com.cybage.alm.test.TestSuite"/>
  <testcase name="registerTest" time="11.353" classname="com.cybage.alm.test.TestSuite"/>
  <testcase name="registerTest" time="11.698" classname="com.cybage.alm.test.TestSuite"/>
  <testcase name="registerTest" time="11.197" classname="com.cybage.alm.test.TestSuite"/>
</testsuite> <!-- Regression Test Suite -->
