<?xml version="1.0" encoding="UTF-8"?>
<testng-results skipped="0" failed="0" total="8" passed="8">
  <reporter-output>
  </reporter-output>
  <suite name="Default suite" duration-ms="79729" started-at="2016-06-06T08:59:48Z" finished-at="2016-06-06T09:01:08Z">
    <groups>
    </groups>
    <test name="Default test" duration-ms="79729" started-at="2016-06-06T08:59:48Z" finished-at="2016-06-06T09:01:08Z">
      <class name="com.cybage.alm.test.TestSuite">
        <test-method status="PASS" signature="loginTest(java.lang.Object, java.lang.Object)[pri:2, instance:com.cybage.alm.test.TestSuite@43301423]" name="loginTest" duration-ms="10413" started-at="2016-06-06T14:29:48Z" data-provider="loginData" finished-at="2016-06-06T14:29:59Z">
          <params>
            <param index="0">
              <value>
                <![CDATA[1]]>
              </value>
            </param>
            <param index="1">
              <value>
                <![CDATA[com.cybage.alm.data.LoginData@496bc455]]>
              </value>
            </param>
          </params>
          <reporter-output>
          </reporter-output>
        </test-method> <!-- loginTest -->
        <test-method status="PASS" signature="loginTest(java.lang.Object, java.lang.Object)[pri:2, instance:com.cybage.alm.test.TestSuite@43301423]" name="loginTest" duration-ms="10329" started-at="2016-06-06T14:29:59Z" data-provider="loginData" finished-at="2016-06-06T14:30:09Z">
          <params>
            <param index="0">
              <value>
                <![CDATA[2]]>
              </value>
            </param>
            <param index="1">
              <value>
                <![CDATA[com.cybage.alm.data.LoginData@b78a709]]>
              </value>
            </param>
          </params>
          <reporter-output>
          </reporter-output>
        </test-method> <!-- loginTest -->
        <test-method status="PASS" signature="loginTest(java.lang.Object, java.lang.Object)[pri:2, instance:com.cybage.alm.test.TestSuite@43301423]" name="loginTest" duration-ms="10573" started-at="2016-06-06T14:30:09Z" data-provider="loginData" finished-at="2016-06-06T14:30:19Z">
          <params>
            <param index="0">
              <value>
                <![CDATA[3]]>
              </value>
            </param>
            <param index="1">
              <value>
                <![CDATA[com.cybage.alm.data.LoginData@72cf2de5]]>
              </value>
            </param>
          </params>
          <reporter-output>
          </reporter-output>
        </test-method> <!-- loginTest -->
        <test-method status="PASS" signature="loginTest(java.lang.Object, java.lang.Object)[pri:2, instance:com.cybage.alm.test.TestSuite@43301423]" name="loginTest" duration-ms="9596" started-at="2016-06-06T14:30:19Z" data-provider="loginData" finished-at="2016-06-06T14:30:29Z">
          <params>
            <param index="0">
              <value>
                <![CDATA[4]]>
              </value>
            </param>
            <param index="1">
              <value>
                <![CDATA[com.cybage.alm.data.LoginData@e077866]]>
              </value>
            </param>
          </params>
          <reporter-output>
          </reporter-output>
        </test-method> <!-- loginTest -->
        <test-method status="PASS" signature="loginTest(java.lang.Object, java.lang.Object)[pri:2, instance:com.cybage.alm.test.TestSuite@43301423]" name="loginTest" duration-ms="9881" started-at="2016-06-06T14:30:29Z" data-provider="loginData" finished-at="2016-06-06T14:30:39Z">
          <params>
            <param index="0">
              <value>
                <![CDATA[5]]>
              </value>
            </param>
            <param index="1">
              <value>
                <![CDATA[com.cybage.alm.data.LoginData@37b70343]]>
              </value>
            </param>
          </params>
          <reporter-output>
          </reporter-output>
        </test-method> <!-- loginTest -->
        <test-method status="PASS" signature="loginTest(java.lang.Object, java.lang.Object)[pri:2, instance:com.cybage.alm.test.TestSuite@43301423]" name="loginTest" duration-ms="9219" started-at="2016-06-06T14:30:39Z" data-provider="loginData" finished-at="2016-06-06T14:30:48Z">
          <params>
            <param index="0">
              <value>
                <![CDATA[6]]>
              </value>
            </param>
            <param index="1">
              <value>
                <![CDATA[com.cybage.alm.data.LoginData@4cc6fa2a]]>
              </value>
            </param>
          </params>
          <reporter-output>
          </reporter-output>
        </test-method> <!-- loginTest -->
        <test-method status="PASS" signature="loginTest(java.lang.Object, java.lang.Object)[pri:2, instance:com.cybage.alm.test.TestSuite@43301423]" name="loginTest" duration-ms="9170" started-at="2016-06-06T14:30:48Z" data-provider="loginData" finished-at="2016-06-06T14:30:57Z">
          <params>
            <param index="0">
              <value>
                <![CDATA[7]]>
              </value>
            </param>
            <param index="1">
              <value>
                <![CDATA[com.cybage.alm.data.LoginData@666b83a4]]>
              </value>
            </param>
          </params>
          <reporter-output>
          </reporter-output>
        </test-method> <!-- loginTest -->
        <test-method status="PASS" signature="loginTest(java.lang.Object, java.lang.Object)[pri:2, instance:com.cybage.alm.test.TestSuite@43301423]" name="loginTest" duration-ms="10195" started-at="2016-06-06T14:30:57Z" data-provider="loginData" finished-at="2016-06-06T14:31:08Z">
          <params>
            <param index="0">
              <value>
                <![CDATA[8]]>
              </value>
            </param>
            <param index="1">
              <value>
                <![CDATA[com.cybage.alm.data.LoginData@295eaa7c]]>
              </value>
            </param>
          </params>
          <reporter-output>
          </reporter-output>
        </test-method> <!-- loginTest -->
      </class> <!-- com.cybage.alm.test.TestSuite -->
    </test> <!-- Default test -->
  </suite> <!-- Default suite -->
</testng-results>
