<?xml version="1.0" encoding="UTF-8"?>
<testsuite name="Regression Test Suite"
           tests="8"
           failures="0"
           errors="0"
           skipped="0"
           time="0.003">
  <properties />
  
  
            <testcase name="loginTest2" time="0.000" classname="com.cybage.alm.test.TestSuite" />
                <testcase name="loginTest2" time="0.000" classname="com.cybage.alm.test.TestSuite" />
                <testcase name="loginTest2" time="0.003" classname="com.cybage.alm.test.TestSuite" />
                <testcase name="loginTest2" time="0.000" classname="com.cybage.alm.test.TestSuite" />
                <testcase name="loginTest2" time="0.000" classname="com.cybage.alm.test.TestSuite" />
                <testcase name="loginTest2" time="0.000" classname="com.cybage.alm.test.TestSuite" />
                <testcase name="loginTest2" time="0.000" classname="com.cybage.alm.test.TestSuite" />
                <testcase name="loginTest2" time="0.000" classname="com.cybage.alm.test.TestSuite" />
      
</testsuite>
